<?xml version="1.0" encoding="UTF-8"?>
<coverage generated="1670000089023" clover="3.2.0">
  <project timestamp="1670000089023" name="All files">
    <metrics statements="44" coveredstatements="42" conditionals="12" coveredconditionals="7" methods="3" coveredmethods="3" elements="59" coveredelements="52" complexity="0" loc="44" ncloc="44" packages="3" files="5" classes="5"/>
    <package name="microservice-transaction">
      <metrics statements="1" coveredstatements="1" conditionals="0" coveredconditionals="0" methods="0" coveredmethods="0"/>
      <file name="jest.config.js" path="/Users/alejandroalbitestapia/Desktop/ale/NTTDATA/proyecto-final/braulio/Microservicio-Transaction/microservice-transaction/jest.config.js">
        <metrics statements="1" coveredstatements="1" conditionals="0" coveredconditionals="0" methods="0" coveredmethods="0"/>
        <line num="1" count="1" type="stmt"/>
      </file>
    </package>
    <package name="microservice-transaction.src.config">
      <metrics statements="3" coveredstatements="3" conditionals="2" coveredconditionals="2" methods="0" coveredmethods="0"/>
      <file name="dynamodb-local.js" path="/Users/alejandroalbitestapia/Desktop/ale/NTTDATA/proyecto-final/braulio/Microservicio-Transaction/microservice-transaction/src/config/dynamodb-local.js">
        <metrics statements="3" coveredstatements="3" conditionals="2" coveredconditionals="2" methods="0" coveredmethods="0"/>
        <line num="1" count="1" type="stmt"/>
        <line num="2" count="1" type="stmt"/>
        <line num="11" count="1" type="stmt"/>
      </file>
    </package>
    <package name="microservice-transaction.src.services">
      <metrics statements="40" coveredstatements="38" conditionals="10" coveredconditionals="5" methods="3" coveredmethods="3"/>
      <file name="createTransaction.js" path="/Users/alejandroalbitestapia/Desktop/ale/NTTDATA/proyecto-final/braulio/Microservicio-Transaction/microservice-transaction/src/services/createTransaction.js">
        <metrics statements="23" coveredstatements="21" conditionals="6" coveredconditionals="3" methods="1" coveredmethods="1"/>
        <line num="1" count="1" type="stmt"/>
        <line num="2" count="1" type="stmt"/>
        <line num="3" count="1" type="stmt"/>
        <line num="5" count="1" type="stmt"/>
        <line num="9" count="1" type="stmt"/>
        <line num="18" count="1" type="stmt"/>
        <line num="20" count="1" type="stmt"/>
        <line num="21" count="1" type="stmt"/>
        <line num="24" count="1" type="stmt"/>
        <line num="25" count="1" type="stmt"/>
        <line num="26" count="1" type="stmt"/>
        <line num="27" count="1" type="stmt"/>
        <line num="29" count="1" type="stmt"/>
        <line num="43" count="1" type="stmt"/>
        <line num="44" count="1" type="stmt"/>
        <line num="45" count="1" type="cond" truecount="1" falsecount="1"/>
        <line num="46" count="1" type="stmt"/>
        <line num="48" count="1" type="cond" truecount="1" falsecount="1"/>
        <line num="49" count="0" type="stmt"/>
        <line num="55" count="1" type="stmt"/>
        <line num="62" count="1" type="stmt"/>
        <line num="68" count="0" type="stmt"/>
        <line num="73" count="1" type="stmt"/>
      </file>
      <file name="getTransaction.js" path="/Users/alejandroalbitestapia/Desktop/ale/NTTDATA/proyecto-final/braulio/Microservicio-Transaction/microservice-transaction/src/services/getTransaction.js">
        <metrics statements="8" coveredstatements="8" conditionals="2" coveredconditionals="1" methods="1" coveredmethods="1"/>
        <line num="1" count="1" type="stmt"/>
        <line num="2" count="1" type="stmt"/>
        <line num="4" count="1" type="stmt"/>
        <line num="8" count="1" type="stmt"/>
        <line num="9" count="1" type="stmt"/>
        <line num="15" count="1" type="stmt"/>
        <line num="17" count="1" type="stmt"/>
        <line num="25" count="1" type="stmt"/>
      </file>
      <file name="getTransactionById.js" path="/Users/alejandroalbitestapia/Desktop/ale/NTTDATA/proyecto-final/braulio/Microservicio-Transaction/microservice-transaction/src/services/getTransactionById.js">
        <metrics statements="9" coveredstatements="9" conditionals="2" coveredconditionals="1" methods="1" coveredmethods="1"/>
        <line num="1" count="1" type="stmt"/>
        <line num="2" count="1" type="stmt"/>
        <line num="4" count="1" type="stmt"/>
        <line num="8" count="1" type="stmt"/>
        <line num="9" count="1" type="stmt"/>
        <line num="10" count="1" type="stmt"/>
        <line num="19" count="1" type="stmt"/>
        <line num="21" count="1" type="stmt"/>
        <line num="29" count="1" type="stmt"/>
      </file>
    </package>
  </project>
</coverage>
