{"/Users/alejandroalbitestapia/Desktop/ale/NTTDATA/proyecto-final/braulio/Microservicio-Transaction/microservice-transaction/jest.config.js": {"path":"/Users/alejandroalbitestapia/Desktop/ale/NTTDATA/proyecto-final/braulio/Microservicio-Transaction/microservice-transaction/jest.config.js","statementMap":{"0":{"start":{"line":1,"column":0},"end":{"line":4,"column":2}}},"fnMap":{},"branchMap":{},"s":{"0":1},"f":{},"b":{},"_coverageSchema":"1a1c01bbd47fc00a2c39e90264f33305004495a9","hash":"58c5ff6ddab5e66de2a44b979c6fa1f5db2a1b27"}
,"/Users/alejandroalbitestapia/Desktop/ale/NTTDATA/proyecto-final/braulio/Microservicio-Transaction/microservice-transaction/src/config/dynamodb-local.js": {"path":"/Users/alejandroalbitestapia/Desktop/ale/NTTDATA/proyecto-final/braulio/Microservicio-Transaction/microservice-transaction/src/config/dynamodb-local.js","statementMap":{"0":{"start":{"line":1,"column":15},"end":{"line":1,"column":41}},"1":{"start":{"line":2,"column":15},"end":{"line":9,"column":1}},"2":{"start":{"line":11,"column":0},"end":{"line":13,"column":2}}},"fnMap":{},"branchMap":{"0":{"loc":{"start":{"line":4,"column":6},"end":{"line":8,"column":3}},"type":"binary-expr","locations":[{"start":{"line":4,"column":6},"end":{"line":4,"column":12}},{"start":{"line":4,"column":16},"end":{"line":8,"column":3}}],"line":4}},"s":{"0":1,"1":1,"2":1},"f":{},"b":{"0":[1,1]},"_coverageSchema":"1a1c01bbd47fc00a2c39e90264f33305004495a9","hash":"45fe8b46b786d70a3d31cc5d9b38300508a2d978"}
,"/Users/alejandroalbitestapia/Desktop/ale/NTTDATA/proyecto-final/braulio/Microservicio-Transaction/microservice-transaction/src/services/createTransaction.js": {"path":"/Users/alejandroalbitestapia/Desktop/ale/NTTDATA/proyecto-final/braulio/Microservicio-Transaction/microservice-transaction/src/services/createTransaction.js","statementMap":{"0":{"start":{"line":1,"column":15},"end":{"line":1,"column":30}},"1":{"start":{"line":2,"column":12},"end":{"line":2,"column":30}},"2":{"start":{"line":3,"column":19},"end":{"line":3,"column":54}},"3":{"start":{"line":5,"column":17},"end":{"line":7,"column":1}},"4":{"start":{"line":9,"column":26},"end":{"line":71,"column":1}},"5":{"start":{"line":18,"column":6},"end":{"line":18,"column":28}},"6":{"start":{"line":20,"column":20},"end":{"line":20,"column":30}},"7":{"start":{"line":21,"column":13},"end":{"line":21,"column":17}},"8":{"start":{"line":24,"column":15},"end":{"line":24,"column":28}},"9":{"start":{"line":25,"column":2},"end":{"line":25,"column":32}},"10":{"start":{"line":26,"column":2},"end":{"line":26,"column":37}},"11":{"start":{"line":27,"column":2},"end":{"line":27,"column":29}},"12":{"start":{"line":29,"column":25},"end":{"line":40,"column":3}},"13":{"start":{"line":43,"column":2},"end":{"line":69,"column":3}},"14":{"start":{"line":44,"column":29},"end":{"line":44,"column":63}},"15":{"start":{"line":45,"column":4},"end":{"line":47,"column":5}},"16":{"start":{"line":46,"column":6},"end":{"line":46,"column":33}},"17":{"start":{"line":48,"column":4},"end":{"line":53,"column":5}},"18":{"start":{"line":49,"column":6},"end":{"line":52,"column":8}},"19":{"start":{"line":55,"column":4},"end":{"line":60,"column":17}},"20":{"start":{"line":62,"column":4},"end":{"line":66,"column":6}},"21":{"start":{"line":68,"column":4},"end":{"line":68,"column":23}},"22":{"start":{"line":73,"column":0},"end":{"line":75,"column":2}}},"fnMap":{"0":{"name":"(anonymous_0)","decl":{"start":{"line":9,"column":26},"end":{"line":9,"column":27}},"loc":{"start":{"line":9,"column":43},"end":{"line":71,"column":1}},"line":9}},"branchMap":{"0":{"loc":{"start":{"line":6,"column":2},"end":{"line":6,"column":47}},"type":"cond-expr","locations":[{"start":{"line":6,"column":36},"end":{"line":6,"column":42}},{"start":{"line":6,"column":45},"end":{"line":6,"column":47}}],"line":6},"1":{"loc":{"start":{"line":45,"column":4},"end":{"line":47,"column":5}},"type":"if","locations":[{"start":{"line":45,"column":4},"end":{"line":47,"column":5}},{"start":{},"end":{}}],"line":45},"2":{"loc":{"start":{"line":48,"column":4},"end":{"line":53,"column":5}},"type":"if","locations":[{"start":{"line":48,"column":4},"end":{"line":53,"column":5}},{"start":{},"end":{}}],"line":48}},"s":{"0":1,"1":1,"2":1,"3":1,"4":1,"5":1,"6":1,"7":1,"8":1,"9":1,"10":1,"11":1,"12":1,"13":1,"14":1,"15":1,"16":1,"17":1,"18":0,"19":1,"20":1,"21":0,"22":1},"f":{"0":1},"b":{"0":[1,0],"1":[1,0],"2":[0,1]},"_coverageSchema":"1a1c01bbd47fc00a2c39e90264f33305004495a9","hash":"24d771defa4df894e2f1c55d0301761979d18d4f"}
,"/Users/alejandroalbitestapia/Desktop/ale/NTTDATA/proyecto-final/braulio/Microservicio-Transaction/microservice-transaction/src/services/getTransaction.js": {"path":"/Users/alejandroalbitestapia/Desktop/ale/NTTDATA/proyecto-final/braulio/Microservicio-Transaction/microservice-transaction/src/services/getTransaction.js","statementMap":{"0":{"start":{"line":1,"column":12},"end":{"line":1,"column":30}},"1":{"start":{"line":2,"column":19},"end":{"line":2,"column":54}},"2":{"start":{"line":4,"column":17},"end":{"line":6,"column":1}},"3":{"start":{"line":8,"column":23},"end":{"line":23,"column":1}},"4":{"start":{"line":9,"column":17},"end":{"line":13,"column":14}},"5":{"start":{"line":15,"column":22},"end":{"line":15,"column":34}},"6":{"start":{"line":17,"column":2},"end":{"line":22,"column":4}},"7":{"start":{"line":25,"column":0},"end":{"line":27,"column":2}}},"fnMap":{"0":{"name":"(anonymous_0)","decl":{"start":{"line":8,"column":23},"end":{"line":8,"column":24}},"loc":{"start":{"line":8,"column":40},"end":{"line":23,"column":1}},"line":8}},"branchMap":{"0":{"loc":{"start":{"line":5,"column":2},"end":{"line":5,"column":47}},"type":"cond-expr","locations":[{"start":{"line":5,"column":36},"end":{"line":5,"column":42}},{"start":{"line":5,"column":45},"end":{"line":5,"column":47}}],"line":5}},"s":{"0":1,"1":1,"2":1,"3":1,"4":1,"5":1,"6":1,"7":1},"f":{"0":1},"b":{"0":[1,0]},"_coverageSchema":"1a1c01bbd47fc00a2c39e90264f33305004495a9","hash":"04866114c14711716dc93693f2f8f2cbdaf540a7"}
,"/Users/alejandroalbitestapia/Desktop/ale/NTTDATA/proyecto-final/braulio/Microservicio-Transaction/microservice-transaction/src/services/getTransactionById.js": {"path":"/Users/alejandroalbitestapia/Desktop/ale/NTTDATA/proyecto-final/braulio/Microservicio-Transaction/microservice-transaction/src/services/getTransactionById.js","statementMap":{"0":{"start":{"line":1,"column":12},"end":{"line":1,"column":30}},"1":{"start":{"line":2,"column":19},"end":{"line":2,"column":54}},"2":{"start":{"line":4,"column":17},"end":{"line":6,"column":1}},"3":{"start":{"line":8,"column":27},"end":{"line":27,"column":1}},"4":{"start":{"line":9,"column":17},"end":{"line":9,"column":37}},"5":{"start":{"line":10,"column":17},"end":{"line":17,"column":14}},"6":{"start":{"line":19,"column":15},"end":{"line":19,"column":26}},"7":{"start":{"line":21,"column":2},"end":{"line":26,"column":4}},"8":{"start":{"line":29,"column":0},"end":{"line":31,"column":2}}},"fnMap":{"0":{"name":"(anonymous_0)","decl":{"start":{"line":8,"column":27},"end":{"line":8,"column":28}},"loc":{"start":{"line":8,"column":44},"end":{"line":27,"column":1}},"line":8}},"branchMap":{"0":{"loc":{"start":{"line":5,"column":2},"end":{"line":5,"column":47}},"type":"cond-expr","locations":[{"start":{"line":5,"column":36},"end":{"line":5,"column":42}},{"start":{"line":5,"column":45},"end":{"line":5,"column":47}}],"line":5}},"s":{"0":1,"1":1,"2":1,"3":1,"4":1,"5":1,"6":1,"7":1,"8":1},"f":{"0":1},"b":{"0":[1,0]},"_coverageSchema":"1a1c01bbd47fc00a2c39e90264f33305004495a9","hash":"1f0fc6fdb84e76b037096cfc2d9047d0068cfe7e"}
}
